<?xml version="1.0" encoding="UTF-8"?>
<!-- Generated by org.testng.reporters.JUnitReportReporter -->
<testsuite hostname="Ashoks-Legion" failures="0" tests="4" name="DAY_METHODS.NewTest" time="0.017" errors="0" timestamp="2022-11-08T09:39:52 IST" skipped="0">
  <testcase classname="DAY_METHODS.NewTest" name="f" time="0.011"/>
  <system-out/>
  <testcase classname="DAY_METHODS.NewTest" name="s" time="0.003"/>
  <system-out/>
  <testcase classname="DAY_METHODS.NewTest" name="l" time="0.001"/>
  <system-out/>
  <testcase classname="DAY_METHODS.NewTest" name="result" time="0.002"/>
  <system-out/>
</testsuite> <!-- DAY_METHODS.NewTest -->
