<?xml version="1.0" encoding="UTF-8"?>
<!-- Generated by org.testng.reporters.JUnitReportReporter -->
<testsuite hostname="Ashoks-Legion" failures="0" tests="3" name="DAY_METHODS1.NewTest" time="29.674" errors="0" timestamp="2022-11-08T10:45:57 IST" skipped="0">
  <testcase classname="DAY_METHODS1.NewTest" name="getTitle" time="4.916"/>
  <system-out/>
  <testcase classname="DAY_METHODS1.NewTest" name="getCurrentUrl" time="4.328"/>
  <system-out/>
  <testcase classname="DAY_METHODS1.NewTest" name="Screenshot" time="20.430"/>
  <system-out/>
</testsuite> <!-- DAY_METHODS1.NewTest -->
